<?xml version="1.0" encoding="UTF-8"?>
<!-- Generated by org.testng.reporters.JUnitReportReporter -->
<testsuite skipped="0" hostname="Happy" name="TestCase.VerifyMakeMyTripLogin" tests="1" failures="0" timestamp="22 Nov 2020 16:54:32 GMT" time="2.071" errors="0">
  <testcase name="verifyMakeMyTripLog" time="2.071" classname="TestCase.VerifyMakeMyTripLogin"/>
</testsuite> <!-- TestCase.VerifyMakeMyTripLogin -->
